<?xml version="1.0" encoding="UTF-8"?>
<testng-results skipped="0" failed="0" ignored="1" total="2" passed="1">
  <reporter-output>
  </reporter-output>
  <suite name="Default suite" duration-ms="33671" started-at="2019-04-21T06:22:39Z" finished-at="2019-04-21T06:23:13Z">
    <groups>
    </groups>
    <test name="Default test" duration-ms="33671" started-at="2019-04-21T06:22:39Z" finished-at="2019-04-21T06:23:13Z">
      <class name="testScripts.Module2">
        <test-method status="PASS" signature="beforesuite()[pri:0, instance:testScripts.Module2@66d1af89]" name="beforesuite" is-config="true" duration-ms="167" started-at="2019-04-21T06:22:39Z" finished-at="2019-04-21T06:22:39Z">
          <reporter-output>
          </reporter-output>
        </test-method> <!-- beforesuite -->
        <test-method status="PASS" signature="BeforeClass()[pri:0, instance:testScripts.Module2@66d1af89]" name="BeforeClass" is-config="true" duration-ms="479" started-at="2019-04-21T06:22:39Z" finished-at="2019-04-21T06:22:40Z">
          <reporter-output>
          </reporter-output>
        </test-method> <!-- BeforeClass -->
        <test-method status="PASS" signature="beforemethod(java.lang.reflect.Method)[pri:0, instance:testScripts.Module2@66d1af89]" name="beforemethod" is-config="true" duration-ms="34" started-at="2019-04-21T06:22:40Z" finished-at="2019-04-21T06:22:40Z">
          <params>
            <param index="0">
              <value>
                <![CDATA[public void testScripts.Module2.TC203()]]>
              </value>
            </param>
          </params>
          <reporter-output>
          </reporter-output>
        </test-method> <!-- beforemethod -->
        <test-method status="PASS" signature="TC203()[pri:0, instance:testScripts.Module2@66d1af89]" name="TC203" duration-ms="32932" started-at="2019-04-21T06:22:40Z" finished-at="2019-04-21T06:23:13Z">
          <reporter-output>
          </reporter-output>
        </test-method> <!-- TC203 -->
        <test-method status="PASS" signature="aftermethod(org.testng.ITestResult)[pri:0, instance:testScripts.Module2@66d1af89]" name="aftermethod" is-config="true" duration-ms="202" started-at="2019-04-21T06:23:13Z" finished-at="2019-04-21T06:23:13Z">
          <params>
            <param index="0">
              <value>
                <![CDATA[[TestResult name=TC203 status=SUCCESS method=Module2.TC203()[pri:0, instance:testScripts.Module2@66d1af89] output={null}]]]>
              </value>
            </param>
          </params>
          <reporter-output>
          </reporter-output>
        </test-method> <!-- aftermethod -->
        <test-method status="PASS" signature="AfterClass()[pri:0, instance:testScripts.Module2@66d1af89]" name="AfterClass" is-config="true" duration-ms="0" started-at="2019-04-21T06:23:13Z" finished-at="2019-04-21T06:23:13Z">
          <reporter-output>
          </reporter-output>
        </test-method> <!-- AfterClass -->
        <test-method status="PASS" signature="aftersuite()[pri:0, instance:testScripts.Module2@66d1af89]" name="aftersuite" is-config="true" duration-ms="6044" started-at="2019-04-21T06:23:13Z" finished-at="2019-04-21T06:23:19Z">
          <reporter-output>
          </reporter-output>
        </test-method> <!-- aftersuite -->
      </class> <!-- testScripts.Module2 -->
    </test> <!-- Default test -->
  </suite> <!-- Default suite -->
</testng-results>
